<?xml version="1.0" encoding="UTF-8"?>
<!-- Generated by org.testng.reporters.JUnitReportReporter -->
<testsuite hostname="LAPTOP-EQOIFU5J" failures="0" tests="2" name="TestCases.Googlelogin" time="11.235" errors="0" timestamp="2025-04-08T17:15:45 IST" skipped="0">
  <testcase classname="TestCases.Googlelogin" name="search" time="6.275"/>
  <system-out/>
  <testcase classname="TestCases.Googlelogin" name="Login" time="4.960"/>
  <system-out/>
</testsuite> <!-- TestCases.Googlelogin -->
